  stdafx.cpp
  CharacterData.cpp
  ControllerComponent.cpp
  FloatingTextComponent.cpp
  Material.cpp
  MaterialManager.cpp
  MeshFilter.cpp
  MeshFilterLoader.cpp
  ModelAnimator.cpp
  ModelComponent.cpp
  Particle.cpp
  ParticleEmitterComponent.cpp
  PostProcessingMaterial.cpp
  PxConvexMeshLoader.cpp
  PxTriangleMeshLoader.cpp
  ShadowMapMaterial.cpp
  ShadowMapRenderer.cpp
  SoundManager.cpp
  RigidBodyComponent.cpp
  InputManager.cpp
  ColliderComponent.cpp
  Generating Code...
  Compiling...
  CameraComponent.cpp
  BaseComponent.cpp
  OverlordGame.cpp
  MeshDrawComponent.cpp
  MeshIndexedDrawComponent.cpp
  ContentManager.cpp
  EffectLoader.cpp
  DebugRenderer.cpp
  EffectHelper.cpp
  BinaryReader.cpp
  PhysxHelper.cpp
  SpriteComponent.cpp
  SpriteFont.cpp
  SpriteFontLoader.cpp
  SpriteRenderer.cpp
  TextRenderer.cpp
  TextureData.cpp
  TextureDataLoader.cpp
  UIButtonComponent.cpp
  VertexHelper.cpp
  Generating Code...
  Compiling...
  PhysxProxy.cpp
  PhysxErrorCallback.cpp
  PhysxManager.cpp
  CubePrefab.cpp
  Logger.cpp
  GameTime.cpp
  GameSpecs.cpp
  FixedCamera.cpp
  FreeCamera.cpp
  SpherePrefab.cpp
  TorusPrefab.cpp
  GameScene.cpp
  GameObject.cpp
  RenderTarget.cpp
  SceneManager.cpp
  TransformComponent.cpp
  Generating Code...
  OverlordEngine.vcxproj -> C:\Users\Ruben-San\Desktop\OverlordEngine\OverlordEngine\Debug\OverlordEngine.lib
